Build started 6/15/2015 3:38:58 PM.
     1>Project "D:\Documents\GitRepositories\cs_2450_group_project\Library_Debug\Library_Debug\Library_Debug.vcxproj" on node 2 (Build target(s)).
     1>ClCompile:
         C:\Program Files (x86)\Microsoft Visual Studio 12.0\VC\bin\CL.exe /c /ZI /nologo /W3 /WX- /sdl /Od /Oy- /D WIN32 /D _DEBUG /D _CONSOLE /D _LIB /D _UNICODE /D UNICODE /Gm /EHsc /RTC1 /MDd /GS /fp:precise /Zc:wchar_t /Zc:forScope /Yu"stdafx.h" /Fp"Debug\Library_Debug.pch" /Fo"Debug\\" /Fd"Debug\vc120.pdb" /Gd /TP /analyze- /errorReport:prompt DebugLibrary.cpp Library_Debug.cpp
         Library_Debug.cpp
         DebugLibrary.cpp
         Generating Code...
       Link:
         C:\Program Files (x86)\Microsoft Visual Studio 12.0\VC\bin\link.exe /ERRORREPORT:PROMPT /OUT:"D:\Documents\GitRepositories\cs_2450_group_project\Library_Debug\Debug\Library_Debug.exe" /INCREMENTAL /NOLOGO kernel32.lib user32.lib gdi32.lib winspool.lib comdlg32.lib advapi32.lib shell32.lib ole32.lib oleaut32.lib uuid.lib odbc32.lib odbccp32.lib /MANIFEST /MANIFESTUAC:"level='asInvoker' uiAccess='false'" /manifest:embed /DEBUG /PDB:"D:\Documents\GitRepositories\cs_2450_group_project\Library_Debug\Debug\Library_Debug.pdb" /SUBSYSTEM:CONSOLE /TLBID:1 /DYNAMICBASE /NXCOMPAT /IMPLIB:"D:\Documents\GitRepositories\cs_2450_group_project\Library_Debug\Debug\Library_Debug.lib" /MACHINE:X86 Debug\DebugAdult.obj
         Debug\DebugAdultBook.obj
         Debug\DebugBook.obj
         Debug\DebugChild.obj
         Debug\DebugChildBook.obj
         Debug\DebugDate.obj
         Debug\DebugDVD.obj
         Debug\DebugItem.obj
         Debug\DebugLibrary.obj
         Debug\DebugMedia.obj
         Debug\DebugPatron.obj
         Debug\DebugVHS.obj
         Debug\Library_Debug.obj
         Debug\stdafx.obj
         Library_Debug.vcxproj -> D:\Documents\GitRepositories\cs_2450_group_project\Library_Debug\Debug\Library_Debug.exe
     1>Done Building Project "D:\Documents\GitRepositories\cs_2450_group_project\Library_Debug\Library_Debug\Library_Debug.vcxproj" (Build target(s)).

Build succeeded.

Time Elapsed 00:00:00.54
