d:\documents\programming files\projects\cs 2450\library_debug\library_debug\debug\library_debug.pch
d:\documents\programming files\projects\cs 2450\library_debug\library_debug\debug\vc120.pdb
d:\documents\programming files\projects\cs 2450\library_debug\library_debug\debug\vc120.idb
d:\documents\programming files\projects\cs 2450\library_debug\library_debug\debug\stdafx.obj
d:\documents\programming files\projects\cs 2450\library_debug\library_debug\debug\library_debug.obj
d:\documents\programming files\projects\cs 2450\library_debug\library_debug\debug\date.obj
d:\documents\programming files\projects\cs 2450\library_debug\library_debug\debug\debugdate.obj
d:\documents\programming files\projects\cs 2450\library_debug\library_debug\debug\debugitem.obj
d:\documents\programming files\projects\cs 2450\library_debug\library_debug\debug\debugbook.obj
d:\documents\programming files\projects\cs 2450\library_debug\library_debug\debug\debugmedia.obj
d:\documents\programming files\projects\cs 2450\library_debug\library_debug\debug\debugpatron.obj
d:\documents\programming files\projects\cs 2450\library_debug\library_debug\debug\debugadult.obj
d:\documents\programming files\projects\cs 2450\library_debug\library_debug\debug\debugchild.obj
d:\documents\programming files\projects\cs 2450\library_debug\library_debug\debug\debuglibrary.obj
d:\documents\programming files\projects\cs 2450\library_debug\debug\library_debug.ilk
d:\documents\programming files\projects\cs 2450\library_debug\debug\library_debug.exe
d:\documents\programming files\projects\cs 2450\library_debug\debug\library_debug.pdb
d:\documents\programming files\projects\cs 2450\library_debug\library_debug\debug\library_debug.tlog\cl.command.1.tlog
d:\documents\programming files\projects\cs 2450\library_debug\library_debug\debug\library_debug.tlog\cl.read.1.tlog
d:\documents\programming files\projects\cs 2450\library_debug\library_debug\debug\library_debug.tlog\cl.write.1.tlog
d:\documents\programming files\projects\cs 2450\library_debug\library_debug\debug\library_debug.tlog\link.command.1.tlog
d:\documents\programming files\projects\cs 2450\library_debug\library_debug\debug\library_debug.tlog\link.read.1.tlog
d:\documents\programming files\projects\cs 2450\library_debug\library_debug\debug\library_debug.tlog\link.write.1.tlog
